<?xml version="1.0" encoding="UTF-8"?>
<testng-results ignored="0" total="1" passed="1" failed="0" skipped="0">
  <reporter-output>
  </reporter-output>
  <suite started-at="2022-05-18T23:45:18 IST" name="Default suite" finished-at="2022-05-18T23:45:18 IST" duration-ms="345">
    <groups>
    </groups>
    <test started-at="2022-05-18T23:45:18 IST" name="Default test" finished-at="2022-05-18T23:45:18 IST" duration-ms="345">
      <class name="TestPack.TestNGClass">
        <test-method is-config="true" signature="beforeclass()[pri:0, instance:TestPack.TestNGClass@2145b572]" started-at="2022-05-18T23:45:18 IST" name="beforeclass" finished-at="2022-05-18T23:45:18 IST" duration-ms="70" status="PASS">
          <reporter-output>
          </reporter-output>
        </test-method> <!-- beforeclass -->
        <test-method is-config="true" signature="beforemethod()[pri:0, instance:TestPack.TestNGClass@2145b572]" started-at="2022-05-18T23:45:18 IST" name="beforemethod" finished-at="2022-05-18T23:45:18 IST" duration-ms="1" status="PASS">
          <reporter-output>
          </reporter-output>
        </test-method> <!-- beforemethod -->
        <test-method signature="test()[pri:0, instance:TestPack.TestNGClass@2145b572]" started-at="2022-05-18T23:45:18 IST" name="test" finished-at="2022-05-18T23:45:18 IST" duration-ms="31" status="PASS">
          <reporter-output>
          </reporter-output>
        </test-method> <!-- test -->
        <test-method is-config="true" signature="aftermethod()[pri:0, instance:TestPack.TestNGClass@2145b572]" started-at="2022-05-18T23:45:18 IST" name="aftermethod" finished-at="2022-05-18T23:45:18 IST" duration-ms="0" status="PASS">
          <reporter-output>
          </reporter-output>
        </test-method> <!-- aftermethod -->
        <test-method is-config="true" signature="afterclass()[pri:0, instance:TestPack.TestNGClass@2145b572]" started-at="2022-05-18T23:45:18 IST" name="afterclass" finished-at="2022-05-18T23:45:18 IST" duration-ms="1" status="PASS">
          <reporter-output>
          </reporter-output>
        </test-method> <!-- afterclass -->
      </class> <!-- TestPack.TestNGClass -->
    </test> <!-- Default test -->
  </suite> <!-- Default suite -->
</testng-results>
